15
3
1
20
19
21
22
3
16
23
5
14
24
13
25
26
7
6
3
5
3
4
1
11
27
28
29
30
15
5
19
31
15
2
32
33
10
34
35
13
1
2
16
36
1
37
1
13
1
3
5
1
13
5
1
5
3
38
39
3
2
6
5
40
3
8
2
9
5
41
12
3
15
12
2
5
5
5
42
2
3
3
1
5
1
2
2
43
1
4
3
2
9
16
13
19
6
44
45
46
5
47
48
15
19
49
13
50
51
11
5
9
5
13
4
4
52
14
13
53
1
13
54
55
3
15
3
3
56
3
4
2
57
3
17
12
5
58
5
6
59
4
3
2
1
3
9
60
61
62
2
6
5
4
63
9
2
1
64
65
8
14
5
66
67
68
2
3
69
3
10
1
70
4
71
12
5
72
6
73
1
13
74
75
76
77
78
79
13
4
80
7
2
81
17
1
8
82
4
5
4
83
5
11
2
84
16
12
4
1
2
2
19
85
3
6
14
86
5
15
15
7
87
8
3
88
5
89
1
3
90
1
91
92
13
1
3
1
16
7
5
18
5
93
94
4
19
5
4
3
15
5
1
4
1
95
96
5
1
97
98
3
13
13
3
3
99
100
2
3
1
2
1
101
3
4
102
103
104
4
4
4
105
5
11
10
5
15
3
7
1
5
106
5
107
108
19
13
1
19
12
3
5
109
5
19
8
14
110
1
3
1
111
16
3
15
18
4
112
9
3
113
18
114
115
3
116
3
6
117
18
118
5
119
1
120
3
2
1
5
7
13
9
12
121
122
123
124
8
1
14
1
8
5
125
16
126
4
7
17
127
128
7
8
129
130
131
132
1
133
134
1
135
136
16
137
2
138
5
4
4
1
1
139
1
140
141
9
142
143
2
1
5
144
4
17
1
145
146
18
11
147
148
149
150
7
151
3
8
152
153
17
13
8
18
11
2
2
1
2
3
154
2
155
8
156
12
1
1
157
158
1
16
5
17
2
15
3
159
12
5
10
4
5
18
3
160
2
161
4
17
1
4
2
162
163
14
19
5
3
2
164
14
165
2
166
5
1
18
19
11
167
168
15
4
11
169
170
171
3
172
16
4
12
19
3
11
173
174
19
3
175
5
5
9
176
2
3
15
177
178
13
179
3
6
13
180
2
1
181
2
2
14
182
17
10
183
14
3
14
5
14
184
185
12
4
186
10
4
4
18
187
1
17
1
188
14
189
8
190
4
191
192
4
193
11
4
194
3
19
3
1
3
4
195
196
16
15
3
4
4
2
197
198
11
199
200
12
8
15
5
1
12
5
2
201
1
202
5
203
204
16
7
19
205
206
207
5
14
208
10
4
19
1
6
3
209
4
2
4
12
18
5
210
10
211
19
3
212
9
213
11
6
214
215
2
4
4
4
216
217
6
218
219
2
13
220
221
222
223
2
224
6
225
226
227
12
228
229
3
1
5
16
4
19
230
1
14
6
18
231
9
232
4
233
234
10
1
7
2
13
7
1
7
10
235
236
13
4
1
237
238
14
6
239
4
4
240
6
241
242
243
4
244
245
6
246
247
17
3
5
11
5
7
9
5
248
249
19
250
251
252
15
2
253
4
254
255
4
4
4
256
257
4
3
258
259
5
3
13
260
5
4
14
12
5
261
17
8
4
2
12
13
262
4
263
264
16
17
265
266
267
268
269
270
271
1
3
12
3
5
272
1
4
7
273
3
4
2
274
2
4
275
276
19
277
16
16
15
5
14
8
278
279
3
1
280
2
281
282
283
284
5
12
1
5
3
14
285
9
4
286
287
5
13
14
2
3
288
3
1
289
2
1
290
291
292
18
293
294
295
296
1
297
17
12
14
298
3
19
299
2
10
5
1
13
3
16
4
10
5
4
11
7
300
301
1
4
11
302
10
15
1
3
1
1
16
303
5
2
2
3
304
12
305
8
13
17
3
306
307
6
4
5
4
11
308
17
309
3
7
8
310
17
11
8
5
7
14
2
19
5
7
4
13
7
10
311
1
312
3
313
12
314
14
315
17
4
2
3
316
12
3
5
317
11
318
4
11
319
1
4
3
5
16
11
3
5
320
14
2
14
321
5
322
18
323
14
15
6
3
16
5
1
324
325
4
10
2
326
327
6
328
3
329
3
12
330
3
19
17
16
1
331
17
332
10
5
333
4
10
334
335
5
336
3
8
337
3
338
9
9
15
339
19
340
341
342
4
3
5
5
343
344
3
17
345
346
347
2
13
348
3
349
350
19
15
351
11
18
