4
1
4
20
2
13
4
3
6
4
5
14
21
1
1
4
7
22
23
2
8
24
9
25
19
5
26
12
5
19
3
2
27
5
28
9
10
1
2
29
2
30
1
31
32
15
2
9
33
8
34
35
15
36
5
15
37
2
6
3
38
6
4
4
39
10
5
1
3
3
15
4
2
12
40
41
2
8
4
42
5
3
1
43
44
45
8
1
46
13
1
19
47
1
15
48
49
50
5
17
3
51
2
3
52
3
3
12
53
54
55
5
17
56
15
57
14
58
19
4
16
59
14
4
18
1
18
7
13
3
14
6
60
61
3
10
62
63
10
3
64
5
11
4
2
12
65
10
66
5
67
68
1
69
3
70
71
72
7
13
12
15
73
74
1
3
3
19
75
1
1
76
17
5
77
19
5
4
9
7
5
2
1
4
78
5
79
4
4
80
81
4
82
4
83
4
84
1
2
6
1
3
85
4
10
86
4
87
13
88
14
89
4
5
3
11
90
91
92
1
12
2
93
94
3
8
95
96
1
7
3
5
97
3
16
1
98
99
5
16
100
101
2
13
14
4
4
15
18
14
1
4
102
103
7
7
104
5
15
5
8
105
17
1
8
1
3
106
15
1
1
5
107
5
5
108
109
14
6
5
110
111
2
9
14
112
15
113
114
1
11
3
1
4
115
16
5
5
116
10
11
117
19
1
118
13
119
1
14
120
121
3
122
123
3
1
13
11
124
125
4
126
127
6
5
3
1
4
1
128
129
130
131
18
3
5
132
133
2
134
5
1
5
3
3
135
5
136
137
17
18
13
12
138
2
19
4
5
7
12
9
139
1
140
141
17
3
3
8
4
142
1
5
143
3
16
144
145
10
3
146
147
148
149
17
19
9
1
150
10
1
5
1
4
6
151
2
12
152
19
153
154
15
17
155
156
157
18
158
159
160
19
5
161
2
162
2
5
9
163
164
8
165
4
166
4
19
167
4
1
4
2
15
3
1
17
168
169
12
4
16
1
3
2
15
170
171
172
7
3
4
1
15
14
2
3
4
173
3
16
11
174
19
175
176
177
178
4
5
4
9
4
5
16
179
5
10
5
180
5
1
2
2
181
1
182
18
16
183
17
17
184
17
15
7
19
3
8
18
185
8
4
6
17
5
186
2
14
187
15
10
7
1
1
19
5
188
7
189
16
3
1
3
190
3
13
5
191
4
8
4
3
3
192
2
9
193
9
5
12
17
4
4
5
7
9
19
1
194
4
2
195
3
14
1
6
4
6
3
196
197
3
10
198
3
1
15
199
1
10
1
3
4
12
3
4
200
201
3
18
2
4
11
3
202
14
1
203
1
5
17
8
16
5
204
205
6
2
1
206
2
8
4
16
8
17
16
207
5
1
1
14
10
5
1
208
5
209
4
210
11
11
15
5
12
7
211
14
3
2
2
7
4
212
213
214
1
18
215
4
10
15
14
216
1
2
217
2
4
2
218
5
1
219
2
1
1
18
13
3
2
5
18
220
221
222
223
224
16
5
1
4
10
1
13
11
1
12
5
2
2
4
6
225
3
1
226
4
5
17
4
227
2
19
14
1
228
3
15
229
230
4
231
14
15
232
11
233
2
3
4
5
13
2
234
11
4
18
7
19
19
1
235
1
6
3
236
2
237
10
2
4
14
238
5
239
19
4
2
5
3
240
241
5
2
9
242
4
8
243
5
5
244
245
2
16
246
2
1
247
3
8
1
2
248
249
3
250
251
6
8
15
17
4
19
252
3
17
253
2
5
254
1
255
4
5
3
3
256
257
2
14
19
5
258
3
3
2
14
11
259
260
2
261
4
4
262
263
1
6
264
265
266
267
15
268
269
10
270
2
5
271
1
5
16
1
272
2
273
9
274
275
276
1
277
5
15
19
278
2
279
1
280
15
8
6
1
15
8
18
281
15
5
4
282
283
284
1
8
5
2
8
7
4
285
1
7
15
2
2
13
15
3
286
4
19
2
19
287
288
289
4
290
18
291
1
3
8
10
4
6
8
3
18
292
16
1
2
1
13
3
14
293
6
19
12
15
1
4
4
4
294
5
295
5
2
2
3
296
3
15
1
297
3
2
6
2
1
2
1
5
5
6
3
1
5
298
299
4
17
2
300
7
4
14
301
4
2
3
19
12
4
4
10
10
19
9
16
302
4
11
5
2
303
2
6
1
304
14
3
2
9
305
1
306
5
5
4
307
308
309
310
14
19
311
3
3
312
313
314
5
9
14
3
315
12
13
19
316
3
